[2023-04-08 00:38:30] CKFinder.WARNING: ErrorException: require(C:/OSPanel/domains/laravel.blog/public/vendor/autoload.php): Failed to open stream: No such file or directory in C:\OSPanel\domains\laravel.blog\public\assets\admin\ckfinder\config.php:31 Stack trace: #0 C:\OSPanel\domains\laravel.blog\public\assets\admin\ckfinder\config.php(31): CKSource\CKFinder\ExceptionHandler->errorHandler() #1 C:\OSPanel\domains\laravel.blog\public\assets\admin\ckfinder\config.php(31): require() #2 C:\OSPanel\domains\laravel.blog\public\assets\admin\ckfinder\core\connector\php\vendor\cksource\ckfinder\src\CKSource\CKFinder\Authentication\CallableAuthentication.php(43): CKSource\CKFinder\Config->{closure}() #3 C:\OSPanel\domains\laravel.blog\public\assets\admin\ckfinder\core\connector\php\vendor\cksource\ckfinder\src\CKSource\CKFinder\CKFinder.php(228): CKSource\CKFinder\Authentication\CallableAuthentication->authenticate() #4 C:\OSPanel\domains\laravel.blog\public\assets\admin\ckfinder\core\connector\php\vendor\cksource\ckfinder\src\CKSource\CKFinder\CKFinder.php(445): CKSource\CKFinder\CKFinder->checkAuth() #5 C:\OSPanel\domains\laravel.blog\public\assets\admin\ckfinder\core\connector\php\vendor\cksource\ckfinder\src\CKSource\CKFinder\CKFinder.php(501): CKSource\CKFinder\CKFinder->boot() #6 C:\OSPanel\domains\laravel.blog\public\assets\admin\ckfinder\core\connector\php\vendor\cksource\ckfinder\src\CKSource\CKFinder\CKFinder.php(336): CKSource\CKFinder\CKFinder->handle() #7 C:\OSPanel\domains\laravel.blog\public\assets\admin\ckfinder\core\connector\php\connector.php(20): CKSource\CKFinder\CKFinder->run() #8 {main} [] []
[2023-04-08 00:39:25] CKFinder.WARNING: ErrorException: require(C:/OSPanel/domains/laravel.blog/public/vendor/autoload.php): Failed to open stream: No such file or directory in C:\OSPanel\domains\laravel.blog\public\assets\admin\ckfinder\config.php:31 Stack trace: #0 C:\OSPanel\domains\laravel.blog\public\assets\admin\ckfinder\config.php(31): CKSource\CKFinder\ExceptionHandler->errorHandler() #1 C:\OSPanel\domains\laravel.blog\public\assets\admin\ckfinder\config.php(31): require() #2 C:\OSPanel\domains\laravel.blog\public\assets\admin\ckfinder\core\connector\php\vendor\cksource\ckfinder\src\CKSource\CKFinder\Authentication\CallableAuthentication.php(43): CKSource\CKFinder\Config->{closure}() #3 C:\OSPanel\domains\laravel.blog\public\assets\admin\ckfinder\core\connector\php\vendor\cksource\ckfinder\src\CKSource\CKFinder\CKFinder.php(228): CKSource\CKFinder\Authentication\CallableAuthentication->authenticate() #4 C:\OSPanel\domains\laravel.blog\public\assets\admin\ckfinder\core\connector\php\vendor\cksource\ckfinder\src\CKSource\CKFinder\CKFinder.php(445): CKSource\CKFinder\CKFinder->checkAuth() #5 C:\OSPanel\domains\laravel.blog\public\assets\admin\ckfinder\core\connector\php\vendor\cksource\ckfinder\src\CKSource\CKFinder\CKFinder.php(501): CKSource\CKFinder\CKFinder->boot() #6 C:\OSPanel\domains\laravel.blog\public\assets\admin\ckfinder\core\connector\php\vendor\cksource\ckfinder\src\CKSource\CKFinder\CKFinder.php(336): CKSource\CKFinder\CKFinder->handle() #7 C:\OSPanel\domains\laravel.blog\public\assets\admin\ckfinder\core\connector\php\connector.php(20): CKSource\CKFinder\CKFinder->run() #8 {main} [] []
[2023-04-08 00:40:37] CKFinder.WARNING: ErrorException: Undefined variable $app in C:\OSPanel\domains\laravel.blog\public\assets\admin\ckfinder\config.php:32 Stack trace: #0 C:\OSPanel\domains\laravel.blog\public\assets\admin\ckfinder\config.php(32): CKSource\CKFinder\ExceptionHandler->errorHandler() #1 C:\OSPanel\domains\laravel.blog\public\assets\admin\ckfinder\core\connector\php\vendor\cksource\ckfinder\src\CKSource\CKFinder\Authentication\CallableAuthentication.php(43): CKSource\CKFinder\Config->{closure}() #2 C:\OSPanel\domains\laravel.blog\public\assets\admin\ckfinder\core\connector\php\vendor\cksource\ckfinder\src\CKSource\CKFinder\CKFinder.php(228): CKSource\CKFinder\Authentication\CallableAuthentication->authenticate() #3 C:\OSPanel\domains\laravel.blog\public\assets\admin\ckfinder\core\connector\php\vendor\cksource\ckfinder\src\CKSource\CKFinder\CKFinder.php(445): CKSource\CKFinder\CKFinder->checkAuth() #4 C:\OSPanel\domains\laravel.blog\public\assets\admin\ckfinder\core\connector\php\vendor\cksource\ckfinder\src\CKSource\CKFinder\CKFinder.php(501): CKSource\CKFinder\CKFinder->boot() #5 C:\OSPanel\domains\laravel.blog\public\assets\admin\ckfinder\core\connector\php\vendor\cksource\ckfinder\src\CKSource\CKFinder\CKFinder.php(336): CKSource\CKFinder\CKFinder->handle() #6 C:\OSPanel\domains\laravel.blog\public\assets\admin\ckfinder\core\connector\php\connector.php(20): CKSource\CKFinder\CKFinder->run() #7 {main} [] []
[2023-04-08 00:40:37] CKFinder.WARNING: ErrorException: Trying to access array offset on value of type null in C:\OSPanel\domains\laravel.blog\public\assets\admin\ckfinder\config.php:32 Stack trace: #0 C:\OSPanel\domains\laravel.blog\public\assets\admin\ckfinder\config.php(32): CKSource\CKFinder\ExceptionHandler->errorHandler() #1 C:\OSPanel\domains\laravel.blog\public\assets\admin\ckfinder\core\connector\php\vendor\cksource\ckfinder\src\CKSource\CKFinder\Authentication\CallableAuthentication.php(43): CKSource\CKFinder\Config->{closure}() #2 C:\OSPanel\domains\laravel.blog\public\assets\admin\ckfinder\core\connector\php\vendor\cksource\ckfinder\src\CKSource\CKFinder\CKFinder.php(228): CKSource\CKFinder\Authentication\CallableAuthentication->authenticate() #3 C:\OSPanel\domains\laravel.blog\public\assets\admin\ckfinder\core\connector\php\vendor\cksource\ckfinder\src\CKSource\CKFinder\CKFinder.php(445): CKSource\CKFinder\CKFinder->checkAuth() #4 C:\OSPanel\domains\laravel.blog\public\assets\admin\ckfinder\core\connector\php\vendor\cksource\ckfinder\src\CKSource\CKFinder\CKFinder.php(501): CKSource\CKFinder\CKFinder->boot() #5 C:\OSPanel\domains\laravel.blog\public\assets\admin\ckfinder\core\connector\php\vendor\cksource\ckfinder\src\CKSource\CKFinder\CKFinder.php(336): CKSource\CKFinder\CKFinder->handle() #6 C:\OSPanel\domains\laravel.blog\public\assets\admin\ckfinder\core\connector\php\connector.php(20): CKSource\CKFinder\CKFinder->run() #7 {main} [] []
[2023-04-08 00:40:56] CKFinder.WARNING: ErrorException: require(C:/OSPanel/domains/laravel.blog/public/vendor/autoload.php): Failed to open stream: No such file or directory in C:\OSPanel\domains\laravel.blog\public\assets\admin\ckfinder\config.php:31 Stack trace: #0 C:\OSPanel\domains\laravel.blog\public\assets\admin\ckfinder\config.php(31): CKSource\CKFinder\ExceptionHandler->errorHandler() #1 C:\OSPanel\domains\laravel.blog\public\assets\admin\ckfinder\config.php(31): require() #2 C:\OSPanel\domains\laravel.blog\public\assets\admin\ckfinder\core\connector\php\vendor\cksource\ckfinder\src\CKSource\CKFinder\Authentication\CallableAuthentication.php(43): CKSource\CKFinder\Config->{closure}() #3 C:\OSPanel\domains\laravel.blog\public\assets\admin\ckfinder\core\connector\php\vendor\cksource\ckfinder\src\CKSource\CKFinder\CKFinder.php(228): CKSource\CKFinder\Authentication\CallableAuthentication->authenticate() #4 C:\OSPanel\domains\laravel.blog\public\assets\admin\ckfinder\core\connector\php\vendor\cksource\ckfinder\src\CKSource\CKFinder\CKFinder.php(445): CKSource\CKFinder\CKFinder->checkAuth() #5 C:\OSPanel\domains\laravel.blog\public\assets\admin\ckfinder\core\connector\php\vendor\cksource\ckfinder\src\CKSource\CKFinder\CKFinder.php(501): CKSource\CKFinder\CKFinder->boot() #6 C:\OSPanel\domains\laravel.blog\public\assets\admin\ckfinder\core\connector\php\vendor\cksource\ckfinder\src\CKSource\CKFinder\CKFinder.php(336): CKSource\CKFinder\CKFinder->handle() #7 C:\OSPanel\domains\laravel.blog\public\assets\admin\ckfinder\core\connector\php\connector.php(20): CKSource\CKFinder\CKFinder->run() #8 {main} [] []
[2023-04-08 00:41:07] CKFinder.WARNING: ErrorException: require_once(C:/OSPanel/domains/laravel.blog/public/bootstrap/app.php): Failed to open stream: No such file or directory in C:\OSPanel\domains\laravel.blog\public\assets\admin\ckfinder\config.php:32 Stack trace: #0 C:\OSPanel\domains\laravel.blog\public\assets\admin\ckfinder\config.php(32): CKSource\CKFinder\ExceptionHandler->errorHandler() #1 C:\OSPanel\domains\laravel.blog\public\assets\admin\ckfinder\config.php(32): require_once() #2 C:\OSPanel\domains\laravel.blog\public\assets\admin\ckfinder\core\connector\php\vendor\cksource\ckfinder\src\CKSource\CKFinder\Authentication\CallableAuthentication.php(43): CKSource\CKFinder\Config->{closure}() #3 C:\OSPanel\domains\laravel.blog\public\assets\admin\ckfinder\core\connector\php\vendor\cksource\ckfinder\src\CKSource\CKFinder\CKFinder.php(228): CKSource\CKFinder\Authentication\CallableAuthentication->authenticate() #4 C:\OSPanel\domains\laravel.blog\public\assets\admin\ckfinder\core\connector\php\vendor\cksource\ckfinder\src\CKSource\CKFinder\CKFinder.php(445): CKSource\CKFinder\CKFinder->checkAuth() #5 C:\OSPanel\domains\laravel.blog\public\assets\admin\ckfinder\core\connector\php\vendor\cksource\ckfinder\src\CKSource\CKFinder\CKFinder.php(501): CKSource\CKFinder\CKFinder->boot() #6 C:\OSPanel\domains\laravel.blog\public\assets\admin\ckfinder\core\connector\php\vendor\cksource\ckfinder\src\CKSource\CKFinder\CKFinder.php(336): CKSource\CKFinder\CKFinder->handle() #7 C:\OSPanel\domains\laravel.blog\public\assets\admin\ckfinder\core\connector\php\connector.php(20): CKSource\CKFinder\CKFinder->run() #8 {main} [] []
